<?xml version="1.0" encoding="UTF-8"?>
<testng-results ignored="0" total="1" passed="1" failed="0" skipped="0">
  <reporter-output>
  </reporter-output>
  <suite started-at="2023-12-27T15:15:35 EST" name="Suite" finished-at="2023-12-27T15:15:40 EST" duration-ms="5094">
    <groups>
    </groups>
    <test started-at="2023-12-27T15:15:35 EST" name="Test" finished-at="2023-12-27T15:15:40 EST" duration-ms="5094">
      <class name="example.NewTestChrome">
        <test-method is-config="true" signature="beforeTest()[pri:0, instance:example.NewTestChrome@67d48005]" started-at="2023-12-27T15:15:35 EST" name="beforeTest" finished-at="2023-12-27T15:15:37 EST" duration-ms="2740" status="PASS">
          <reporter-output>
          </reporter-output>
        </test-method> <!-- beforeTest -->
        <test-method signature="testEasy()[pri:0, instance:example.NewTestChrome@67d48005]" started-at="2023-12-27T15:15:37 EST" name="testEasy" finished-at="2023-12-27T15:15:40 EST" duration-ms="2217" status="PASS">
          <reporter-output>
          </reporter-output>
        </test-method> <!-- testEasy -->
        <test-method is-config="true" signature="afterTest()[pri:0, instance:example.NewTestChrome@67d48005]" started-at="2023-12-27T15:15:40 EST" name="afterTest" finished-at="2023-12-27T15:15:40 EST" duration-ms="127" status="PASS">
          <reporter-output>
          </reporter-output>
        </test-method> <!-- afterTest -->
      </class> <!-- example.NewTestChrome -->
    </test> <!-- Test -->
  </suite> <!-- Suite -->
</testng-results>
