<?xml version="1.0" encoding="UTF-8"?>
<testng-results ignored="0" total="1" passed="1" failed="0" skipped="0">
  <reporter-output>
  </reporter-output>
  <suite started-at="2023-12-27T10:51:22 EST" name="Default suite" finished-at="2023-12-27T10:51:27 EST" duration-ms="4904">
    <groups>
    </groups>
    <test started-at="2023-12-27T10:51:22 EST" name="Default test" finished-at="2023-12-27T10:51:27 EST" duration-ms="4904">
      <class name="example.NewTestChrome">
        <test-method is-config="true" signature="beforeTest()[pri:0, instance:example.NewTestChrome@3b69e7d1]" started-at="2023-12-27T10:51:22 EST" name="beforeTest" finished-at="2023-12-27T10:51:24 EST" duration-ms="1957" status="PASS">
          <reporter-output>
          </reporter-output>
        </test-method> <!-- beforeTest -->
        <test-method signature="testEasy()[pri:0, instance:example.NewTestChrome@3b69e7d1]" started-at="2023-12-27T10:51:24 EST" name="testEasy" finished-at="2023-12-27T10:51:27 EST" duration-ms="2801" status="PASS">
          <reporter-output>
          </reporter-output>
        </test-method> <!-- testEasy -->
        <test-method is-config="true" signature="afterTest()[pri:0, instance:example.NewTestChrome@3b69e7d1]" started-at="2023-12-27T10:51:27 EST" name="afterTest" finished-at="2023-12-27T10:51:27 EST" duration-ms="129" status="PASS">
          <reporter-output>
          </reporter-output>
        </test-method> <!-- afterTest -->
      </class> <!-- example.NewTestChrome -->
    </test> <!-- Default test -->
  </suite> <!-- Default suite -->
</testng-results>
